<?xml version="1.0" encoding="UTF-8"?>
<coverage generated="1667949825806" clover="3.2.0">
  <project timestamp="1667949825807" name="All files">
    <metrics statements="36" coveredstatements="22" conditionals="15" coveredconditionals="5" methods="13" coveredmethods="6" elements="64" coveredelements="33" complexity="0" loc="36" ncloc="36" packages="6" files="8" classes="8"/>
    <package name="A-pass-tests.01-factorial">
      <metrics statements="6" coveredstatements="5" conditionals="4" coveredconditionals="3" methods="1" coveredmethods="1"/>
      <file name="factorial.js" path="/Users/sem/Desktop/CYF/week-17-tdd/JavaScript-Core-3-Coursework-Week4/A-pass-tests/01-factorial/factorial.js">
        <metrics statements="6" coveredstatements="5" conditionals="4" coveredconditionals="3" methods="1" coveredmethods="1"/>
        <line num="12" count="23" type="cond" truecount="1" falsecount="1"/>
        <line num="13" count="0" type="stmt"/>
        <line num="14" count="23" type="cond" truecount="2" falsecount="0"/>
        <line num="15" count="5" type="stmt"/>
        <line num="17" count="18" type="stmt"/>
        <line num="21" count="1" type="stmt"/>
      </file>
    </package>
    <package name="A-pass-tests.02-get-average">
      <metrics statements="4" coveredstatements="4" conditionals="0" coveredconditionals="0" methods="3" coveredmethods="3"/>
      <file name="get-average.js" path="/Users/sem/Desktop/CYF/week-17-tdd/JavaScript-Core-3-Coursework-Week4/A-pass-tests/02-get-average/get-average.js">
        <metrics statements="4" coveredstatements="4" conditionals="0" coveredconditionals="0" methods="3" coveredmethods="3"/>
        <line num="6" count="8" type="stmt"/>
        <line num="7" count="4" type="stmt"/>
        <line num="8" count="1" type="stmt"/>
        <line num="11" count="1" type="stmt"/>
      </file>
    </package>
    <package name="A-pass-tests.09-car-sales">
      <metrics statements="7" coveredstatements="7" conditionals="2" coveredconditionals="2" methods="2" coveredmethods="2"/>
      <file name="car-sales.js" path="/Users/sem/Desktop/CYF/week-17-tdd/JavaScript-Core-3-Coursework-Week4/A-pass-tests/09-car-sales/car-sales.js">
        <metrics statements="7" coveredstatements="7" conditionals="2" coveredconditionals="2" methods="2" coveredmethods="2"/>
        <line num="2" count="1" type="stmt"/>
        <line num="3" count="1" type="stmt"/>
        <line num="4" count="7" type="cond" truecount="2" falsecount="0"/>
        <line num="5" count="3" type="stmt"/>
        <line num="7" count="4" type="stmt"/>
        <line num="10" count="1" type="stmt"/>
        <line num="13" count="1" type="stmt"/>
      </file>
    </package>
    <package name="B-write-tests.03-remove-vowels-from-array">
      <metrics statements="12" coveredstatements="3" conditionals="7" coveredconditionals="0" methods="4" coveredmethods="0"/>
      <file name="remove-vowels-in-array.js" path="/Users/sem/Desktop/CYF/week-17-tdd/JavaScript-Core-3-Coursework-Week4/B-write-tests/03-remove-vowels-from-array/remove-vowels-in-array.js">
        <metrics statements="5" coveredstatements="2" conditionals="0" coveredconditionals="0" methods="2" coveredmethods="0"/>
        <line num="1" count="1" type="stmt"/>
        <line num="4" count="0" type="stmt"/>
        <line num="5" count="0" type="stmt"/>
        <line num="8" count="0" type="stmt"/>
        <line num="11" count="1" type="stmt"/>
      </file>
      <file name="remove-vowels.js" path="/Users/sem/Desktop/CYF/week-17-tdd/JavaScript-Core-3-Coursework-Week4/B-write-tests/03-remove-vowels-from-array/remove-vowels.js">
        <metrics statements="7" coveredstatements="1" conditionals="7" coveredconditionals="0" methods="2" coveredmethods="0"/>
        <line num="2" count="0" type="stmt"/>
        <line num="4" count="0" type="stmt"/>
        <line num="6" count="0" type="stmt"/>
        <line num="7" count="0" type="cond" truecount="0" falsecount="2"/>
        <line num="14" count="0" type="stmt"/>
        <line num="18" count="0" type="stmt"/>
        <line num="21" count="1" type="stmt"/>
      </file>
    </package>
    <package name="B-write-tests.06-largest-number">
      <metrics statements="5" coveredstatements="1" conditionals="2" coveredconditionals="0" methods="1" coveredmethods="0"/>
      <file name="largest-number.js" path="/Users/sem/Desktop/CYF/week-17-tdd/JavaScript-Core-3-Coursework-Week4/B-write-tests/06-largest-number/largest-number.js">
        <metrics statements="5" coveredstatements="1" conditionals="2" coveredconditionals="0" methods="1" coveredmethods="0"/>
        <line num="3" count="0" type="stmt"/>
        <line num="4" count="0" type="cond" truecount="0" falsecount="2"/>
        <line num="5" count="0" type="stmt"/>
        <line num="8" count="0" type="stmt"/>
        <line num="11" count="1" type="stmt"/>
      </file>
    </package>
    <package name="C-TDD.01-roman-numerals">
      <metrics statements="2" coveredstatements="2" conditionals="0" coveredconditionals="0" methods="2" coveredmethods="0"/>
      <file name="convert-to-new-roman.js" path="/Users/sem/Desktop/CYF/week-17-tdd/JavaScript-Core-3-Coursework-Week4/C-TDD/01-roman-numerals/convert-to-new-roman.js">
        <metrics statements="1" coveredstatements="1" conditionals="0" coveredconditionals="0" methods="1" coveredmethods="0"/>
        <line num="5" count="1" type="stmt"/>
      </file>
      <file name="convert-to-old-roman.js" path="/Users/sem/Desktop/CYF/week-17-tdd/JavaScript-Core-3-Coursework-Week4/C-TDD/01-roman-numerals/convert-to-old-roman.js">
        <metrics statements="1" coveredstatements="1" conditionals="0" coveredconditionals="0" methods="1" coveredmethods="0"/>
        <line num="5" count="1" type="stmt"/>
      </file>
    </package>
  </project>
</coverage>
