{"/Users/sem/Desktop/CYF/week-17-tdd/JavaScript-Core-3-Coursework-Week4/A-pass-tests/01-factorial/factorial.js": {"path":"/Users/sem/Desktop/CYF/week-17-tdd/JavaScript-Core-3-Coursework-Week4/A-pass-tests/01-factorial/factorial.js","statementMap":{"0":{"start":{"line":12,"column":4},"end":{"line":18,"column":7}},"1":{"start":{"line":13,"column":8},"end":{"line":13,"column":15}},"2":{"start":{"line":14,"column":9},"end":{"line":18,"column":7}},"3":{"start":{"line":15,"column":8},"end":{"line":15,"column":17}},"4":{"start":{"line":17,"column":8},"end":{"line":17,"column":40}},"5":{"start":{"line":21,"column":0},"end":{"line":21,"column":27}}},"fnMap":{"0":{"name":"factorial","decl":{"start":{"line":11,"column":9},"end":{"line":11,"column":18}},"loc":{"start":{"line":11,"column":24},"end":{"line":19,"column":1}},"line":11}},"branchMap":{"0":{"loc":{"start":{"line":12,"column":4},"end":{"line":18,"column":7}},"type":"if","locations":[{"start":{"line":12,"column":4},"end":{"line":18,"column":7}},{"start":{"line":14,"column":9},"end":{"line":18,"column":7}}],"line":12},"1":{"loc":{"start":{"line":14,"column":9},"end":{"line":18,"column":7}},"type":"if","locations":[{"start":{"line":14,"column":9},"end":{"line":18,"column":7}},{"start":{"line":16,"column":9},"end":{"line":18,"column":7}}],"line":14}},"s":{"0":23,"1":0,"2":23,"3":5,"4":18,"5":1},"f":{"0":23},"b":{"0":[0,23],"1":[5,18]},"_coverageSchema":"1a1c01bbd47fc00a2c39e90264f33305004495a9","hash":"e482e9a862bfc1e6e03d5ef8e05bb706336f15b7"}
,"/Users/sem/Desktop/CYF/week-17-tdd/JavaScript-Core-3-Coursework-Week4/A-pass-tests/02-get-average/get-average.js": {"path":"/Users/sem/Desktop/CYF/week-17-tdd/JavaScript-Core-3-Coursework-Week4/A-pass-tests/02-get-average/get-average.js","statementMap":{"0":{"start":{"line":6,"column":19},"end":{"line":6,"column":69}},"1":{"start":{"line":6,"column":43},"end":{"line":6,"column":68}},"2":{"start":{"line":7,"column":14},"end":{"line":7,"column":50}},"3":{"start":{"line":7,"column":42},"end":{"line":7,"column":49}},"4":{"start":{"line":8,"column":4},"end":{"line":8,"column":33}},"5":{"start":{"line":11,"column":0},"end":{"line":11,"column":25}}},"fnMap":{"0":{"name":"average","decl":{"start":{"line":5,"column":9},"end":{"line":5,"column":16}},"loc":{"start":{"line":5,"column":26},"end":{"line":9,"column":1}},"line":5},"1":{"name":"(anonymous_1)","decl":{"start":{"line":6,"column":34},"end":{"line":6,"column":35}},"loc":{"start":{"line":6,"column":43},"end":{"line":6,"column":68}},"line":6},"2":{"name":"(anonymous_2)","decl":{"start":{"line":7,"column":30},"end":{"line":7,"column":31}},"loc":{"start":{"line":7,"column":42},"end":{"line":7,"column":49}},"line":7}},"branchMap":{},"s":{"0":1,"1":8,"2":1,"3":4,"4":1,"5":1},"f":{"0":1,"1":8,"2":4},"b":{},"_coverageSchema":"1a1c01bbd47fc00a2c39e90264f33305004495a9","hash":"e8b2efbe0733927c16bd5fff4f3f0a1da9a56ae2"}
,"/Users/sem/Desktop/CYF/week-17-tdd/JavaScript-Core-3-Coursework-Week4/A-pass-tests/09-car-sales/car-sales.js": {"path":"/Users/sem/Desktop/CYF/week-17-tdd/JavaScript-Core-3-Coursework-Week4/A-pass-tests/09-car-sales/car-sales.js","statementMap":{"0":{"start":{"line":2,"column":17},"end":{"line":2,"column":19}},"1":{"start":{"line":3,"column":2},"end":{"line":9,"column":5}},"2":{"start":{"line":4,"column":4},"end":{"line":8,"column":5}},"3":{"start":{"line":5,"column":6},"end":{"line":5,"column":44}},"4":{"start":{"line":7,"column":6},"end":{"line":7,"column":43}},"5":{"start":{"line":10,"column":2},"end":{"line":10,"column":16}},"6":{"start":{"line":13,"column":0},"end":{"line":13,"column":23}}},"fnMap":{"0":{"name":"sales","decl":{"start":{"line":1,"column":9},"end":{"line":1,"column":14}},"loc":{"start":{"line":1,"column":25},"end":{"line":11,"column":1}},"line":1},"1":{"name":"(anonymous_1)","decl":{"start":{"line":3,"column":19},"end":{"line":3,"column":20}},"loc":{"start":{"line":3,"column":32},"end":{"line":9,"column":3}},"line":3}},"branchMap":{"0":{"loc":{"start":{"line":4,"column":4},"end":{"line":8,"column":5}},"type":"if","locations":[{"start":{"line":4,"column":4},"end":{"line":8,"column":5}},{"start":{"line":6,"column":11},"end":{"line":8,"column":5}}],"line":4}},"s":{"0":1,"1":1,"2":7,"3":3,"4":4,"5":1,"6":1},"f":{"0":1,"1":7},"b":{"0":[3,4]},"_coverageSchema":"1a1c01bbd47fc00a2c39e90264f33305004495a9","hash":"e1a08f2021474735553fc9c30a22f58387353c68"}
,"/Users/sem/Desktop/CYF/week-17-tdd/JavaScript-Core-3-Coursework-Week4/B-write-tests/03-remove-vowels-from-array/remove-vowels-in-array.js": {"path":"/Users/sem/Desktop/CYF/week-17-tdd/JavaScript-Core-3-Coursework-Week4/B-write-tests/03-remove-vowels-from-array/remove-vowels-in-array.js","statementMap":{"0":{"start":{"line":1,"column":19},"end":{"line":1,"column":45}},"1":{"start":{"line":4,"column":15},"end":{"line":6,"column":4}},"2":{"start":{"line":5,"column":4},"end":{"line":5,"column":30}},"3":{"start":{"line":8,"column":2},"end":{"line":8,"column":16}},"4":{"start":{"line":11,"column":0},"end":{"line":11,"column":39}}},"fnMap":{"0":{"name":"removeVowelsFromWords","decl":{"start":{"line":3,"column":9},"end":{"line":3,"column":30}},"loc":{"start":{"line":3,"column":38},"end":{"line":9,"column":1}},"line":3},"1":{"name":"(anonymous_1)","decl":{"start":{"line":4,"column":25},"end":{"line":4,"column":26}},"loc":{"start":{"line":4,"column":41},"end":{"line":6,"column":3}},"line":4}},"branchMap":{},"s":{"0":1,"1":0,"2":0,"3":0,"4":1},"f":{"0":0,"1":0},"b":{},"_coverageSchema":"1a1c01bbd47fc00a2c39e90264f33305004495a9","hash":"573877391a751a12339e76a9c8cc29a33473cf6d"}
,"/Users/sem/Desktop/CYF/week-17-tdd/JavaScript-Core-3-Coursework-Week4/B-write-tests/03-remove-vowels-from-array/remove-vowels.js": {"path":"/Users/sem/Desktop/CYF/week-17-tdd/JavaScript-Core-3-Coursework-Week4/B-write-tests/03-remove-vowels-from-array/remove-vowels.js","statementMap":{"0":{"start":{"line":2,"column":19},"end":{"line":2,"column":33}},"1":{"start":{"line":4,"column":15},"end":{"line":4,"column":17}},"2":{"start":{"line":6,"column":2},"end":{"line":16,"column":5}},"3":{"start":{"line":7,"column":4},"end":{"line":15,"column":5}},"4":{"start":{"line":14,"column":6},"end":{"line":14,"column":29}},"5":{"start":{"line":18,"column":2},"end":{"line":18,"column":25}},"6":{"start":{"line":21,"column":0},"end":{"line":21,"column":30}}},"fnMap":{"0":{"name":"removeVowels","decl":{"start":{"line":1,"column":9},"end":{"line":1,"column":21}},"loc":{"start":{"line":1,"column":28},"end":{"line":19,"column":1}},"line":1},"1":{"name":"(anonymous_1)","decl":{"start":{"line":6,"column":21},"end":{"line":6,"column":22}},"loc":{"start":{"line":6,"column":42},"end":{"line":16,"column":3}},"line":6}},"branchMap":{"0":{"loc":{"start":{"line":7,"column":4},"end":{"line":15,"column":5}},"type":"if","locations":[{"start":{"line":7,"column":4},"end":{"line":15,"column":5}},{"start":{},"end":{}}],"line":7},"1":{"loc":{"start":{"line":8,"column":6},"end":{"line":12,"column":23}},"type":"binary-expr","locations":[{"start":{"line":8,"column":6},"end":{"line":8,"column":23}},{"start":{"line":9,"column":6},"end":{"line":9,"column":23}},{"start":{"line":10,"column":6},"end":{"line":10,"column":23}},{"start":{"line":11,"column":6},"end":{"line":11,"column":23}},{"start":{"line":12,"column":6},"end":{"line":12,"column":23}}],"line":8}},"s":{"0":0,"1":0,"2":0,"3":0,"4":0,"5":0,"6":1},"f":{"0":0,"1":0},"b":{"0":[0,0],"1":[0,0,0,0,0]},"_coverageSchema":"1a1c01bbd47fc00a2c39e90264f33305004495a9","hash":"0e01458959c635fb2939615d3c4048eee801aa0b"}
,"/Users/sem/Desktop/CYF/week-17-tdd/JavaScript-Core-3-Coursework-Week4/B-write-tests/06-largest-number/largest-number.js": {"path":"/Users/sem/Desktop/CYF/week-17-tdd/JavaScript-Core-3-Coursework-Week4/B-write-tests/06-largest-number/largest-number.js","statementMap":{"0":{"start":{"line":3,"column":2},"end":{"line":7,"column":3}},"1":{"start":{"line":3,"column":15},"end":{"line":3,"column":16}},"2":{"start":{"line":4,"column":4},"end":{"line":6,"column":5}},"3":{"start":{"line":5,"column":6},"end":{"line":5,"column":31}},"4":{"start":{"line":8,"column":2},"end":{"line":8,"column":23}},"5":{"start":{"line":11,"column":0},"end":{"line":11,"column":34}}},"fnMap":{"0":{"name":"getLargestNumber","decl":{"start":{"line":1,"column":9},"end":{"line":1,"column":25}},"loc":{"start":{"line":1,"column":33},"end":{"line":9,"column":1}},"line":1}},"branchMap":{"0":{"loc":{"start":{"line":4,"column":4},"end":{"line":6,"column":5}},"type":"if","locations":[{"start":{"line":4,"column":4},"end":{"line":6,"column":5}},{"start":{},"end":{}}],"line":4}},"s":{"0":0,"1":0,"2":0,"3":0,"4":0,"5":1},"f":{"0":0},"b":{"0":[0,0]},"_coverageSchema":"1a1c01bbd47fc00a2c39e90264f33305004495a9","hash":"33d8f749e7caf239f221fe1d4c74c9ef2c4ea11c"}
,"/Users/sem/Desktop/CYF/week-17-tdd/JavaScript-Core-3-Coursework-Week4/C-TDD/01-roman-numerals/convert-to-new-roman.js": {"path":"/Users/sem/Desktop/CYF/week-17-tdd/JavaScript-Core-3-Coursework-Week4/C-TDD/01-roman-numerals/convert-to-new-roman.js","statementMap":{"0":{"start":{"line":5,"column":0},"end":{"line":5,"column":35}}},"fnMap":{"0":{"name":"convertToNewRoman","decl":{"start":{"line":1,"column":9},"end":{"line":1,"column":26}},"loc":{"start":{"line":1,"column":30},"end":{"line":3,"column":1}},"line":1}},"branchMap":{},"s":{"0":1},"f":{"0":0},"b":{},"_coverageSchema":"1a1c01bbd47fc00a2c39e90264f33305004495a9","hash":"245f90a28c418df87573e531b6616b55e9149a3e"}
,"/Users/sem/Desktop/CYF/week-17-tdd/JavaScript-Core-3-Coursework-Week4/C-TDD/01-roman-numerals/convert-to-old-roman.js": {"path":"/Users/sem/Desktop/CYF/week-17-tdd/JavaScript-Core-3-Coursework-Week4/C-TDD/01-roman-numerals/convert-to-old-roman.js","statementMap":{"0":{"start":{"line":5,"column":0},"end":{"line":5,"column":35}}},"fnMap":{"0":{"name":"convertToOldRoman","decl":{"start":{"line":1,"column":9},"end":{"line":1,"column":26}},"loc":{"start":{"line":1,"column":30},"end":{"line":3,"column":1}},"line":1}},"branchMap":{},"s":{"0":1},"f":{"0":0},"b":{},"_coverageSchema":"1a1c01bbd47fc00a2c39e90264f33305004495a9","hash":"23723811bb250c555a7321c3e42c41c198a69b35"}
}
