TN:
SF:A-pass-tests/01-factorial/factorial.js
FN:11,factorial
FNF:1
FNH:1
FNDA:23,factorial
DA:12,23
DA:13,0
DA:14,23
DA:15,5
DA:17,18
DA:21,1
LF:6
LH:5
BRDA:12,0,0,0
BRDA:12,0,1,23
BRDA:14,1,0,5
BRDA:14,1,1,18
BRF:4
BRH:3
end_of_record
TN:
SF:A-pass-tests/02-get-average/get-average.js
FN:5,average
FN:6,(anonymous_1)
FN:7,(anonymous_2)
FNF:3
FNH:3
FNDA:1,average
FNDA:8,(anonymous_1)
FNDA:4,(anonymous_2)
DA:6,8
DA:7,4
DA:8,1
DA:11,1
LF:4
LH:4
BRF:0
BRH:0
end_of_record
TN:
SF:A-pass-tests/09-car-sales/car-sales.js
FN:1,sales
FN:3,(anonymous_1)
FNF:2
FNH:2
FNDA:1,sales
FNDA:7,(anonymous_1)
DA:2,1
DA:3,1
DA:4,7
DA:5,3
DA:7,4
DA:10,1
DA:13,1
LF:7
LH:7
BRDA:4,0,0,3
BRDA:4,0,1,4
BRF:2
BRH:2
end_of_record
TN:
SF:B-write-tests/03-remove-vowels-from-array/remove-vowels-in-array.js
FN:3,removeVowelsFromWords
FN:4,(anonymous_1)
FNF:2
FNH:0
FNDA:0,removeVowelsFromWords
FNDA:0,(anonymous_1)
DA:1,1
DA:4,0
DA:5,0
DA:8,0
DA:11,1
LF:5
LH:2
BRF:0
BRH:0
end_of_record
TN:
SF:B-write-tests/03-remove-vowels-from-array/remove-vowels.js
FN:1,removeVowels
FN:6,(anonymous_1)
FNF:2
FNH:0
FNDA:0,removeVowels
FNDA:0,(anonymous_1)
DA:2,0
DA:4,0
DA:6,0
DA:7,0
DA:14,0
DA:18,0
DA:21,1
LF:7
LH:1
BRDA:7,0,0,0
BRDA:7,0,1,0
BRDA:8,1,0,0
BRDA:8,1,1,0
BRDA:8,1,2,0
BRDA:8,1,3,0
BRDA:8,1,4,0
BRF:7
BRH:0
end_of_record
TN:
SF:B-write-tests/06-largest-number/largest-number.js
FN:1,getLargestNumber
FNF:1
FNH:0
FNDA:0,getLargestNumber
DA:3,0
DA:4,0
DA:5,0
DA:8,0
DA:11,1
LF:5
LH:1
BRDA:4,0,0,0
BRDA:4,0,1,0
BRF:2
BRH:0
end_of_record
TN:
SF:C-TDD/01-roman-numerals/convert-to-new-roman.js
FN:1,convertToNewRoman
FNF:1
FNH:0
FNDA:0,convertToNewRoman
DA:5,1
LF:1
LH:1
BRF:0
BRH:0
end_of_record
TN:
SF:C-TDD/01-roman-numerals/convert-to-old-roman.js
FN:1,convertToOldRoman
FNF:1
FNH:0
FNDA:0,convertToOldRoman
DA:5,1
LF:1
LH:1
BRF:0
BRH:0
end_of_record
